<?xml version="1.0" encoding="UTF-8"?><testsuite errors="0" failures="1" name="ui.swagger.serviceinfo.ServicesCRUDTest" skipped="0" tests="1" time="12.33" timestamp="2022-06-08T10:22:23.472+01:00[Europe/London]"><testcase classname="ui.swagger.serviceinfo.ServicesCRUDTest" name="Delete the product by ID"><failure message="1 expectation failed.&#10;Expected status code &lt;200&gt; but was &lt;404&gt;.&#10;" type="java.lang.AssertionError">1 expectation failed.
Expected status code &lt;200&gt; but was &lt;404&gt;.
</failure><system-err>1 expectation failed.
Expected status code &lt;200&gt; but was &lt;404&gt;.
&#13;
io.restassured.internal.ResponseSpecificationImpl.validateResponseIfRequired(ResponseSpecificationImpl.groovy:636)&#13;
io.restassured.internal.ResponseSpecificationImpl.statusCode(ResponseSpecificationImpl.groovy:122)&#13;
io.restassured.internal.ResponseSpecificationImpl.statusCode(ResponseSpecificationImpl.groovy:130)&#13;
io.restassured.internal.ValidatableResponseOptionsImpl.statusCode(ValidatableResponseOptionsImpl.java:117)&#13;
ui.swagger.serviceinfo.ServicesCRUDTest.test004(ServicesCRUDTest.java:55)&#13;
</system-err></testcase></testsuite>