<?xml version="1.0" encoding="UTF-8"?><testsuite errors="0" failures="0" name="ui.swagger.storesinfo.StoresCURDTest" skipped="0" tests="4" time="0.99" timestamp="2022-06-07T22:25:46.380+01:00[Europe/London]"><testcase classname="ui.swagger.storesinfo.StoresCURDTest" name="This will create a new store"/><testcase classname="ui.swagger.storesinfo.StoresCURDTest" name="Verify if the Store was added to the application"/><testcase classname="ui.swagger.storesinfo.StoresCURDTest" name="Update the store information"/><testcase classname="ui.swagger.storesinfo.StoresCURDTest" name="Delete the product by ID"/></testsuite>