<?xml version="1.0" encoding="UTF-8"?><testsuite errors="0" failures="0" name="ui.swagger.productinfo.ProductCURDTest" skipped="0" tests="4" time="1.94" timestamp="2022-06-07T22:25:42.898+01:00[Europe/London]"><testcase classname="ui.swagger.productinfo.ProductCURDTest" name="This will create a New product"/><testcase classname="ui.swagger.productinfo.ProductCURDTest" name="Verify if the Product was added to the application"/><testcase classname="ui.swagger.productinfo.ProductCURDTest" name="Update the product information"/><testcase classname="ui.swagger.productinfo.ProductCURDTest" name="Delete the product by ID"/></testsuite>